2021-12-12 13:29:02,097 - engineio.server - INFO - Server initialized for eventlet.
2021-12-12 13:29:10,331 - root - INFO - {'version': '4.4.10', 'gitVersion': '58971da1ef93435a9f62bf4708a81713def6e88c', 'modules': ['enterprise'], 'allocator': 'tcmalloc', 'javascriptEngine': 'mozjs', 'sysInfo': 'deprecated', 'versionArray': [4, 4, 10, 0], 'openssl': {'running': 'OpenSSL 1.0.1e-fips 11 Feb 2013', 'compiled': 'OpenSSL 1.0.1e-fips 11 Feb 2013'}, 'buildEnvironment': {'distmod': 'rhel70', 'distarch': 'x86_64', 'cc': '/opt/mongodbtoolchain/v3/bin/gcc: gcc (GCC) 8.5.0', 'ccflags': '-fno-omit-frame-pointer -fno-strict-aliasing -fasynchronous-unwind-tables -ggdb -pthread -Wall -Wsign-compare -Wno-unknown-pragmas -Winvalid-pch -Werror -O2 -Wno-unused-local-typedefs -Wno-unused-function -Wno-deprecated-declarations -Wno-unused-const-variable -Wno-unused-but-set-variable -Wno-missing-braces -fstack-protector-strong -fno-builtin-memcmp', 'cxx': '/opt/mongodbtoolchain/v3/bin/g++: g++ (GCC) 8.5.0', 'cxxflags': '-Woverloaded-virtual -Wno-maybe-uninitialized -fsized-deallocation -std=c++17', 'linkflags': '-pthread -Wl,-z,now -rdynamic -Wl,--fatal-warnings -fstack-protector-strong -fuse-ld=gold -Wl,--no-threads -Wl,--build-id -Wl,--hash-style=gnu -Wl,-z,noexecstack -Wl,--warn-execstack -Wl,-z,relro -Wl,-rpath,/usr/lib64/perl5/CORE -Wl,-z,origin -Wl,--enable-new-dtags', 'target_arch': 'x86_64', 'target_os': 'linux', 'cppdefines': 'SAFEINT_USE_INTRINSICS 0 PCRE_STATIC NDEBUG _XOPEN_SOURCE 700 _GNU_SOURCE _FORTIFY_SOURCE 2 BOOST_THREAD_VERSION 5 BOOST_THREAD_USES_DATETIME BOOST_SYSTEM_NO_DEPRECATED BOOST_MATH_NO_LONG_DOUBLE_MATH_FUNCTIONS BOOST_ENABLE_ASSERT_DEBUG_HANDLER BOOST_LOG_NO_SHORTHAND_NAMES BOOST_LOG_USE_NATIVE_SYSLOG BOOST_LOG_WITHOUT_THREAD_ATTR ABSL_FORCE_ALIGNED_ACCESS'}, 'bits': 64, 'debug': False, 'maxBsonObjectSize': 16777216, 'storageEngines': ['biggie', 'devnull', 'ephemeralForTest', 'inMemory', 'queryable_wt', 'wiredTiger'], 'ok': 1.0, '$clusterTime': {'clusterTime': Timestamp(1639286947, 1), 'signature': {'hash': b'b.C\xe0c\x80~\x9e\xa7\xd9\x0c4\x9b}\x8aY\x95\xd7z.', 'keyId': 6984120335197011969}}, 'operationTime': Timestamp(1639286947, 1)}
2021-12-12 13:29:10,331 - werkzeug - WARNING -  * Debugger is active!
2021-12-12 13:29:10,334 - werkzeug - INFO -  * Debugger PIN: 124-695-691
2021-12-12 13:29:15,193 - engineio.server - INFO - 4f3609a3643d43c7b194645618922da7: Sending packet OPEN data {'sid': '4f3609a3643d43c7b194645618922da7', 'upgrades': ['websocket'], 'pingTimeout': 60000, 'pingInterval': 25000}
2021-12-12 13:29:15,194 - root - INFO - thread start
2021-12-12 13:29:15,194 - engineio.server - INFO - 4f3609a3643d43c7b194645618922da7: Sending packet MESSAGE data 0
2021-12-12 13:29:15,200 - engineio.server - INFO - 4f3609a3643d43c7b194645618922da7: Received request to upgrade to websocket
2021-12-12 13:29:15,201 - engineio.server - INFO - 4f3609a3643d43c7b194645618922da7: Received packet MESSAGE data 2["connect_event",{"data":"connect!"}]
2021-12-12 13:29:15,201 - socketio.server - INFO - received event "connect_event" from 4f3609a3643d43c7b194645618922da7 [/]
2021-12-12 13:29:15,201 - root - INFO - connection receive : {msg}
2021-12-12 13:29:15,202 - socketio.server - INFO - emitting event "server_response" to 4f3609a3643d43c7b194645618922da7 [/]
2021-12-12 13:29:15,202 - engineio.server - INFO - 4f3609a3643d43c7b194645618922da7: Sending packet MESSAGE data 2["server_response",{"data":"connect!"}]
2021-12-12 13:29:15,217 - engineio.server - INFO - 4f3609a3643d43c7b194645618922da7: Upgrade to websocket successful
2021-12-12 13:29:41,193 - engineio.server - INFO - 4f3609a3643d43c7b194645618922da7: Received packet PING data None
2021-12-12 13:29:41,194 - engineio.server - INFO - 4f3609a3643d43c7b194645618922da7: Sending packet PONG data None
2021-12-12 13:30:07,265 - engineio.server - INFO - 4f3609a3643d43c7b194645618922da7: Received packet PING data None
2021-12-12 13:30:07,265 - engineio.server - INFO - 4f3609a3643d43c7b194645618922da7: Sending packet PONG data None
2021-12-12 13:30:33,191 - engineio.server - INFO - 4f3609a3643d43c7b194645618922da7: Received packet PING data None
2021-12-12 13:30:33,192 - engineio.server - INFO - 4f3609a3643d43c7b194645618922da7: Sending packet PONG data None
2021-12-12 13:30:59,195 - engineio.server - INFO - 4f3609a3643d43c7b194645618922da7: Received packet PING data None
2021-12-12 13:30:59,195 - engineio.server - INFO - 4f3609a3643d43c7b194645618922da7: Sending packet PONG data None
2021-12-12 13:31:25,198 - engineio.server - INFO - 4f3609a3643d43c7b194645618922da7: Received packet PING data None
2021-12-12 13:31:25,198 - engineio.server - INFO - 4f3609a3643d43c7b194645618922da7: Sending packet PONG data None
2021-12-12 13:31:51,187 - engineio.server - INFO - 4f3609a3643d43c7b194645618922da7: Received packet PING data None
2021-12-12 13:31:51,187 - engineio.server - INFO - 4f3609a3643d43c7b194645618922da7: Sending packet PONG data None
2021-12-12 13:32:17,191 - engineio.server - INFO - 4f3609a3643d43c7b194645618922da7: Received packet PING data None
2021-12-12 13:32:17,191 - engineio.server - INFO - 4f3609a3643d43c7b194645618922da7: Sending packet PONG data None
2021-12-12 13:32:43,187 - engineio.server - INFO - 4f3609a3643d43c7b194645618922da7: Received packet PING data None
2021-12-12 13:32:43,187 - engineio.server - INFO - 4f3609a3643d43c7b194645618922da7: Sending packet PONG data None
2021-12-12 13:33:09,198 - engineio.server - INFO - 4f3609a3643d43c7b194645618922da7: Received packet PING data None
2021-12-12 13:33:09,198 - engineio.server - INFO - 4f3609a3643d43c7b194645618922da7: Sending packet PONG data None
2021-12-12 13:33:35,204 - engineio.server - INFO - 4f3609a3643d43c7b194645618922da7: Received packet PING data None
2021-12-12 13:33:35,204 - engineio.server - INFO - 4f3609a3643d43c7b194645618922da7: Sending packet PONG data None
2021-12-12 13:34:01,201 - engineio.server - INFO - 4f3609a3643d43c7b194645618922da7: Received packet PING data None
2021-12-12 13:34:01,202 - engineio.server - INFO - 4f3609a3643d43c7b194645618922da7: Sending packet PONG data None
